[ 2017-11-11T09:53:42+08:00 ] 127.0.0.1 /index.php?g=Admin&m=Login
NOTIC: 
INFO: 
INFO: 
INFO: 
INFO: 
NOTIC: 
NOTIC: 
INFO: 
INFO: 
INFO: 
INFO: 
NOTIC: 
INFO: 
INFO: 
INFO: 
INFO: 
INFO: 
INFO: 
INFO: 
INFO: 
INFO: 
INFO: 
INFO: 

[ 2017-11-11T09:53:44+08:00 ] 127.0.0.1 /index.php
NOTIC: 
INFO: 
INFO: 
INFO: 
INFO: 
NOTIC: 
NOTIC: 
NOTIC: 
SQL: 
NOTIC: 
SQL: 
SQL: 
NOTIC: 
NOTIC: 
INFO: 
INFO: 
INFO: 
INFO: 
NOTIC: 
NOTIC: 
NOTIC: 
NOTIC: 
NOTIC: 
NOTIC: 
NOTIC: 
NOTIC: 
NOTIC: 
NOTIC: 
NOTIC: 
NOTIC: 
NOTIC: 
NOTIC: 
NOTIC: 
NOTIC: 
NOTIC: 
NOTIC: 
NOTIC: 
NOTIC: 
NOTIC: 
NOTIC: 
NOTIC: 
NOTIC: 
NOTIC: 
NOTIC: 
NOTIC: 
NOTIC: 
NOTIC: 
NOTIC: 
NOTIC: 
SQL: 
SQL: 
NOTIC: 
NOTIC: 
NOTIC: 
SQL: 
NOTIC: 
SQL: 
SQL: 
NOTIC: 
NOTIC: 
NOTIC: 
INFO: 
INFO: 
INFO: 
INFO: 
INFO: 
INFO: 
INFO: 
INFO: 
INFO: 
INFO: 
INFO: 

[ 2017-11-11T15:40:23+08:00 ] 127.0.0.1 /index.php?g=Admin&m=Login
NOTIC: 
INFO: 
INFO: 
INFO: 
INFO: 
NOTIC: 
NOTIC: 
INFO: 
INFO: 
INFO: 
INFO: 
NOTIC: 
INFO: 
INFO: 
INFO: 
INFO: 
INFO: 
INFO: 
INFO: 
INFO: 
INFO: 
INFO: 
INFO: 

[ 2017-11-11T15:41:52+08:00 ] 127.0.0.1 /index.php?g=Admin&m=Login
NOTIC: 
INFO: 
INFO: 
INFO: 
INFO: 
NOTIC: 
NOTIC: 
INFO: 
INFO: 
INFO: 
INFO: 
INFO: 
INFO: 
INFO: 
INFO: 
INFO: 
INFO: 
INFO: 
INFO: 
INFO: 
INFO: 
INFO: 

