[ 2017-11-15T09:27:48+08:00 ] 127.0.0.1 /index.php?g=Admin&m=Login
NOTIC: 
INFO: 
INFO: 
INFO: 
INFO: 
NOTIC: 
NOTIC: 
INFO: 
INFO: 
INFO: 
INFO: 
NOTIC: 
INFO: 
INFO: 
INFO: 
INFO: 
INFO: 
INFO: 
INFO: 
INFO: 
INFO: 
INFO: 
INFO: 

[ 2017-11-15T09:27:50+08:00 ] 127.0.0.1 /index.php
NOTIC: 
INFO: 
INFO: 
INFO: 
INFO: 
NOTIC: 
NOTIC: 
NOTIC: 
SQL: 
NOTIC: 
SQL: 
SQL: 
NOTIC: 
NOTIC: 
INFO: 
INFO: 
INFO: 
INFO: 
NOTIC: 
NOTIC: 
NOTIC: 
NOTIC: 
NOTIC: 
NOTIC: 
NOTIC: 
NOTIC: 
NOTIC: 
NOTIC: 
NOTIC: 
NOTIC: 
NOTIC: 
NOTIC: 
NOTIC: 
NOTIC: 
NOTIC: 
NOTIC: 
NOTIC: 
NOTIC: 
NOTIC: 
NOTIC: 
NOTIC: 
NOTIC: 
NOTIC: 
NOTIC: 
NOTIC: 
NOTIC: 
NOTIC: 
NOTIC: 
NOTIC: 
SQL: 
SQL: 
NOTIC: 
NOTIC: 
NOTIC: 
SQL: 
NOTIC: 
SQL: 
SQL: 
NOTIC: 
NOTIC: 
NOTIC: 
INFO: 
INFO: 
INFO: 
INFO: 
INFO: 
INFO: 
INFO: 
INFO: 
INFO: 
INFO: 
INFO: 

[ 2017-11-15T10:08:48+08:00 ] 127.0.0.1 /index.php?g=Admin&m=Login
NOTIC: 
INFO: 
INFO: 
INFO: 
INFO: 
NOTIC: 
NOTIC: 
INFO: 
INFO: 
INFO: 
INFO: 
INFO: 
INFO: 
INFO: 
INFO: 
INFO: 
INFO: 
INFO: 
INFO: 
INFO: 
INFO: 
INFO: 

[ 2017-11-15T11:25:55+08:00 ] 127.0.0.1 /index.php?g=Admin&m=Login
NOTIC: 
INFO: 
INFO: 
INFO: 
INFO: 
NOTIC: 
NOTIC: 
INFO: 
INFO: 
INFO: 
INFO: 
NOTIC: 
INFO: 
INFO: 
INFO: 
INFO: 
INFO: 
INFO: 
INFO: 
INFO: 
INFO: 
INFO: 
INFO: 

[ 2017-11-15T11:30:45+08:00 ] 127.0.0.1 /index.php?g=Admin&m=Login
NOTIC: 
INFO: 
INFO: 
INFO: 
INFO: 
NOTIC: 
NOTIC: 
INFO: 
INFO: 
INFO: 
INFO: 
INFO: 
INFO: 
INFO: 
INFO: 
INFO: 
INFO: 
INFO: 
INFO: 
INFO: 
INFO: 
INFO: 

[ 2017-11-15T11:40:30+08:00 ] 127.0.0.1 /index.php?g=Admin&m=Login
NOTIC: 
INFO: 
INFO: 
INFO: 
INFO: 
NOTIC: 
NOTIC: 
INFO: 
INFO: 
INFO: 
INFO: 
INFO: 
INFO: 
INFO: 
INFO: 
INFO: 
INFO: 
INFO: 
INFO: 
INFO: 
INFO: 
INFO: 

[ 2017-11-15T14:00:20+08:00 ] 127.0.0.1 /index.php?g=Admin&m=Login
NOTIC: 
INFO: 
INFO: 
INFO: 
INFO: 
NOTIC: 
NOTIC: 
INFO: 
INFO: 
INFO: 
INFO: 
NOTIC: 
INFO: 
INFO: 
INFO: 
INFO: 
INFO: 
INFO: 
INFO: 
INFO: 
INFO: 
INFO: 
INFO: 

[ 2017-11-15T14:08:00+08:00 ] 127.0.0.1 /index.php?g=Admin&m=Login
NOTIC: 
INFO: 
INFO: 
INFO: 
INFO: 
NOTIC: 
NOTIC: 
INFO: 
INFO: 
INFO: 
INFO: 
INFO: 
INFO: 
INFO: 
INFO: 
INFO: 
INFO: 
INFO: 
INFO: 
INFO: 
INFO: 
INFO: 

[ 2017-11-15T14:43:59+08:00 ] 127.0.0.1 /index.php?g=Admin&m=Login
NOTIC: 
INFO: 
INFO: 
INFO: 
INFO: 
NOTIC: 
NOTIC: 
INFO: 
INFO: 
INFO: 
INFO: 
INFO: 
INFO: 
INFO: 
INFO: 
INFO: 
INFO: 
INFO: 
INFO: 
INFO: 
INFO: 
INFO: 

[ 2017-11-15T15:40:33+08:00 ] 127.0.0.1 /index.php?g=Admin&m=Login
NOTIC: 
INFO: 
INFO: 
INFO: 
INFO: 
NOTIC: 
NOTIC: 
INFO: 
INFO: 
INFO: 
INFO: 
NOTIC: 
INFO: 
INFO: 
INFO: 
INFO: 
INFO: 
INFO: 
INFO: 
INFO: 
INFO: 
INFO: 
INFO: 

[ 2017-11-15T16:33:23+08:00 ] 127.0.0.1 /index.php?g=Admin&m=Login
NOTIC: 
INFO: 
INFO: 
INFO: 
INFO: 
NOTIC: 
NOTIC: 
INFO: 
INFO: 
INFO: 
INFO: 
INFO: 
INFO: 
INFO: 
INFO: 
INFO: 
INFO: 
INFO: 
INFO: 
INFO: 
INFO: 
INFO: 

[ 2017-11-15T16:49:25+08:00 ] 127.0.0.1 /index.php?g=Admin&m=Login
NOTIC: 
INFO: 
INFO: 
INFO: 
INFO: 
NOTIC: 
NOTIC: 
INFO: 
INFO: 
INFO: 
INFO: 
NOTIC: 
INFO: 
INFO: 
INFO: 
INFO: 
INFO: 
INFO: 
INFO: 
INFO: 
INFO: 
INFO: 
INFO: 

[ 2017-11-15T16:50:55+08:00 ] 127.0.0.1 /index.php?g=Admin&m=Login
NOTIC: 
INFO: 
INFO: 
INFO: 
INFO: 
NOTIC: 
NOTIC: 
INFO: 
INFO: 
INFO: 
INFO: 
INFO: 
INFO: 
INFO: 
INFO: 
INFO: 
INFO: 
INFO: 
INFO: 
INFO: 
INFO: 
INFO: 

