[ 2017-11-17T09:24:20+08:00 ] 127.0.0.1 /index.php?g=Admin&m=Login
NOTIC: 
INFO: 
INFO: 
INFO: 
INFO: 
NOTIC: 
NOTIC: 
INFO: 
INFO: 
INFO: 
INFO: 
NOTIC: 
INFO: 
INFO: 
INFO: 
INFO: 
INFO: 
INFO: 
INFO: 
INFO: 
INFO: 
INFO: 
INFO: 

[ 2017-11-17T09:24:23+08:00 ] 127.0.0.1 /index.php
NOTIC: 
INFO: 
INFO: 
INFO: 
INFO: 
NOTIC: 
NOTIC: 
NOTIC: 
SQL: 
NOTIC: 
SQL: 
SQL: 
NOTIC: 
NOTIC: 
INFO: 
INFO: 
INFO: 
INFO: 
NOTIC: 
NOTIC: 
NOTIC: 
NOTIC: 
NOTIC: 
NOTIC: 
NOTIC: 
NOTIC: 
NOTIC: 
NOTIC: 
NOTIC: 
NOTIC: 
NOTIC: 
NOTIC: 
NOTIC: 
NOTIC: 
NOTIC: 
NOTIC: 
NOTIC: 
NOTIC: 
NOTIC: 
NOTIC: 
NOTIC: 
NOTIC: 
NOTIC: 
NOTIC: 
NOTIC: 
NOTIC: 
NOTIC: 
NOTIC: 
NOTIC: 
SQL: 
SQL: 
NOTIC: 
NOTIC: 
NOTIC: 
SQL: 
NOTIC: 
SQL: 
SQL: 
NOTIC: 
NOTIC: 
NOTIC: 
INFO: 
INFO: 
INFO: 
INFO: 
INFO: 
INFO: 
INFO: 
INFO: 
INFO: 
INFO: 
INFO: 

[ 2017-11-17T10:04:24+08:00 ] 127.0.0.1 /index.php?g=Admin&m=Login
NOTIC: 
INFO: 
INFO: 
INFO: 
INFO: 
NOTIC: 
NOTIC: 
INFO: 
INFO: 
INFO: 
INFO: 
INFO: 
INFO: 
INFO: 
INFO: 
INFO: 
INFO: 
INFO: 
INFO: 
INFO: 
INFO: 
INFO: 

[ 2017-11-17T10:04:25+08:00 ] 127.0.0.1 /index.php?g=Home&m=Index&a=verify
NOTIC: 
INFO: 
INFO: 
INFO: 
INFO: 
NOTIC: 
NOTIC: 
NOTIC: 
SQL: 
NOTIC: 
SQL: 
SQL: 
NOTIC: 
NOTIC: 

[ 2017-11-17T10:04:26+08:00 ] 127.0.0.1 /index.php?g=Home&m=Index&a=verify&b=1510884265645
NOTIC: 
INFO: 
INFO: 
INFO: 
INFO: 
NOTIC: 
NOTIC: 
NOTIC: 
SQL: 
NOTIC: 
SQL: 
SQL: 
NOTIC: 
NOTIC: 

