[ 2017-11-13T09:28:42+08:00 ] 127.0.0.1 /index.php?g=Admin&m=Login
NOTIC: 
INFO: 
INFO: 
INFO: 
INFO: 
NOTIC: 
NOTIC: 
INFO: 
INFO: 
INFO: 
INFO: 
NOTIC: 
INFO: 
INFO: 
INFO: 
INFO: 
INFO: 
INFO: 
INFO: 
INFO: 
INFO: 
INFO: 
INFO: 

[ 2017-11-13T09:28:44+08:00 ] 127.0.0.1 /index.php
NOTIC: 
INFO: 
INFO: 
INFO: 
INFO: 
NOTIC: 
NOTIC: 
NOTIC: 
SQL: 
NOTIC: 
SQL: 
SQL: 
NOTIC: 
NOTIC: 
INFO: 
INFO: 
INFO: 
INFO: 
NOTIC: 
NOTIC: 
NOTIC: 
NOTIC: 
NOTIC: 
NOTIC: 
NOTIC: 
NOTIC: 
NOTIC: 
NOTIC: 
NOTIC: 
NOTIC: 
NOTIC: 
NOTIC: 
NOTIC: 
NOTIC: 
NOTIC: 
NOTIC: 
NOTIC: 
NOTIC: 
NOTIC: 
NOTIC: 
NOTIC: 
NOTIC: 
NOTIC: 
NOTIC: 
NOTIC: 
NOTIC: 
NOTIC: 
NOTIC: 
NOTIC: 
SQL: 
SQL: 
NOTIC: 
NOTIC: 
NOTIC: 
SQL: 
NOTIC: 
SQL: 
SQL: 
NOTIC: 
NOTIC: 
NOTIC: 
INFO: 
INFO: 
INFO: 
INFO: 
INFO: 
INFO: 
INFO: 
INFO: 
INFO: 
INFO: 
INFO: 

[ 2017-11-13T09:56:16+08:00 ] 127.0.0.1 /index.php?g=Admin&m=Login
NOTIC: 
INFO: 
INFO: 
INFO: 
INFO: 
NOTIC: 
NOTIC: 
INFO: 
INFO: 
INFO: 
INFO: 
INFO: 
INFO: 
INFO: 
INFO: 
INFO: 
INFO: 
INFO: 
INFO: 
INFO: 
INFO: 
INFO: 

[ 2017-11-13T10:04:10+08:00 ] 127.0.0.1 /index.php?g=Admin&m=Login
NOTIC: 
INFO: 
INFO: 
INFO: 
INFO: 
NOTIC: 
NOTIC: 
INFO: 
INFO: 
INFO: 
INFO: 
INFO: 
INFO: 
INFO: 
INFO: 
INFO: 
INFO: 
INFO: 
INFO: 
INFO: 
INFO: 
INFO: 

[ 2017-11-13T10:36:49+08:00 ] 127.0.0.1 /index.php?g=Admin&m=Login
NOTIC: 
INFO: 
INFO: 
INFO: 
INFO: 
NOTIC: 
NOTIC: 
INFO: 
INFO: 
INFO: 
INFO: 
NOTIC: 
INFO: 
INFO: 
INFO: 
INFO: 
INFO: 
INFO: 
INFO: 
INFO: 
INFO: 
INFO: 
INFO: 

[ 2017-11-13T13:51:18+08:00 ] 127.0.0.1 /index.php?g=Admin&m=Login
NOTIC: 
INFO: 
INFO: 
INFO: 
INFO: 
NOTIC: 
NOTIC: 
INFO: 
INFO: 
INFO: 
INFO: 
NOTIC: 
INFO: 
INFO: 
INFO: 
INFO: 
INFO: 
INFO: 
INFO: 
INFO: 
INFO: 
INFO: 
INFO: 

[ 2017-11-13T13:52:48+08:00 ] 127.0.0.1 /index.php?g=Admin&m=Login
NOTIC: 
INFO: 
INFO: 
INFO: 
INFO: 
NOTIC: 
NOTIC: 
INFO: 
INFO: 
INFO: 
INFO: 
INFO: 
INFO: 
INFO: 
INFO: 
INFO: 
INFO: 
INFO: 
INFO: 
INFO: 
INFO: 
INFO: 

[ 2017-11-13T14:42:07+08:00 ] 127.0.0.1 /
NOTIC: 
INFO: 
INFO: 
INFO: 
INFO: 
NOTIC: 
NOTIC: 
NOTIC: 
SQL: 
NOTIC: 
SQL: 
SQL: 
NOTIC: 
NOTIC: 
INFO: 
INFO: 
INFO: 
INFO: 
NOTIC: 
NOTIC: 
NOTIC: 
NOTIC: 
NOTIC: 
NOTIC: 
NOTIC: 
NOTIC: 
NOTIC: 
NOTIC: 
NOTIC: 
NOTIC: 
NOTIC: 
NOTIC: 
NOTIC: 
NOTIC: 
NOTIC: 
NOTIC: 
NOTIC: 
NOTIC: 
NOTIC: 
NOTIC: 
NOTIC: 
NOTIC: 
NOTIC: 
NOTIC: 
NOTIC: 
NOTIC: 
NOTIC: 
NOTIC: 
NOTIC: 
SQL: 
SQL: 
NOTIC: 
NOTIC: 
NOTIC: 
SQL: 
NOTIC: 
SQL: 
SQL: 
NOTIC: 
NOTIC: 
NOTIC: 
INFO: 
INFO: 
INFO: 
INFO: 
INFO: 
INFO: 
INFO: 
INFO: 
INFO: 
INFO: 
INFO: 

[ 2017-11-13T14:52:28+08:00 ] 127.0.0.1 /index.php?g=Admin&m=Login
NOTIC: 
INFO: 
INFO: 
INFO: 
INFO: 
NOTIC: 
NOTIC: 
INFO: 
INFO: 
INFO: 
INFO: 
NOTIC: 
INFO: 
INFO: 
INFO: 
INFO: 
INFO: 
INFO: 
INFO: 
INFO: 
INFO: 
INFO: 
INFO: 

[ 2017-11-13T14:57:52+08:00 ] 127.0.0.1 /index.php?g=Admin&m=Login
NOTIC: 
INFO: 
INFO: 
INFO: 
INFO: 
NOTIC: 
NOTIC: 
INFO: 
INFO: 
INFO: 
INFO: 
INFO: 
INFO: 
INFO: 
INFO: 
INFO: 
INFO: 
INFO: 
INFO: 
INFO: 
INFO: 
INFO: 

[ 2017-11-13T15:02:04+08:00 ] 127.0.0.1 /index.php?g=Admin&m=Login
NOTIC: 
INFO: 
INFO: 
INFO: 
INFO: 
NOTIC: 
NOTIC: 
INFO: 
INFO: 
INFO: 
INFO: 
INFO: 
INFO: 
INFO: 
INFO: 
INFO: 
INFO: 
INFO: 
INFO: 
INFO: 
INFO: 
INFO: 

[ 2017-11-13T15:31:13+08:00 ] 127.0.0.1 /index.php?g=Admin&m=Login
NOTIC: 
INFO: 
INFO: 
INFO: 
INFO: 
NOTIC: 
NOTIC: 
INFO: 
INFO: 
INFO: 
INFO: 
INFO: 
INFO: 
INFO: 
INFO: 
INFO: 
INFO: 
INFO: 
INFO: 
INFO: 
INFO: 
INFO: 

[ 2017-11-13T16:25:55+08:00 ] 127.0.0.1 /index.php?g=Admin&m=Login
NOTIC: 
INFO: 
INFO: 
INFO: 
INFO: 
NOTIC: 
NOTIC: 
INFO: 
INFO: 
INFO: 
INFO: 
NOTIC: 
INFO: 
INFO: 
INFO: 
INFO: 
INFO: 
INFO: 
INFO: 
INFO: 
INFO: 
INFO: 
INFO: 

[ 2017-11-13T16:31:13+08:00 ] 127.0.0.1 /index.php?g=Admin&m=Login
NOTIC: 
INFO: 
INFO: 
INFO: 
INFO: 
NOTIC: 
NOTIC: 
INFO: 
INFO: 
INFO: 
INFO: 
INFO: 
INFO: 
INFO: 
INFO: 
INFO: 
INFO: 
INFO: 
INFO: 
INFO: 
INFO: 
INFO: 

[ 2017-11-13T16:36:59+08:00 ] 127.0.0.1 /index.php?g=Admin&m=Login
NOTIC: 
INFO: 
INFO: 
INFO: 
INFO: 
NOTIC: 
NOTIC: 
INFO: 
INFO: 
INFO: 
INFO: 
INFO: 
INFO: 
INFO: 
INFO: 
INFO: 
INFO: 
INFO: 
INFO: 
INFO: 
INFO: 
INFO: 

[ 2017-11-13T18:08:26+08:00 ] 127.0.0.1 /index.php?g=Admin&m=Login
NOTIC: 
INFO: 
INFO: 
INFO: 
INFO: 
NOTIC: 
NOTIC: 
INFO: 
INFO: 
INFO: 
INFO: 
NOTIC: 
INFO: 
INFO: 
INFO: 
INFO: 
INFO: 
INFO: 
INFO: 
INFO: 
INFO: 
INFO: 
INFO: 

